[2018-02-22 10:20:38] local.ERROR: SQLSTATE[23000]: Integrity constraint violation: 1062 Duplicate entry 'admin' for key 'roles_slug_unique' (SQL: insert into `roles` (`name`, `slug`, `updated_at`, `created_at`) values (Admin, admin, 2018-02-22 10:20:38, 2018-02-22 10:20:38))  
[2018-02-22 10:20:38] local.ERROR: #0 /var/www/html/codecanyon/files/vendor/laravel/framework/src/Illuminate/Database/Connection.php(607): Illuminate\Database\Connection->runQueryCallback('insert into `ro...', Array, Object(Closure))
#1 /var/www/html/codecanyon/files/vendor/laravel/framework/src/Illuminate/Database/Connection.php(450): Illuminate\Database\Connection->run('insert into `ro...', Array, Object(Closure))
#2 /var/www/html/codecanyon/files/vendor/laravel/framework/src/Illuminate/Database/Connection.php(404): Illuminate\Database\Connection->statement('insert into `ro...', Array)
#3 /var/www/html/codecanyon/files/vendor/laravel/framework/src/Illuminate/Database/Query/Processors/Processor.php(32): Illuminate\Database\Connection->insert('insert into `ro...', Array)
#4 /var/www/html/codecanyon/files/vendor/laravel/framework/src/Illuminate/Database/Query/Builder.php(2133): Illuminate\Database\Query\Processors\Processor->processInsertGetId(Object(Illuminate\Database\Query\Builder), 'insert into `ro...', Array, 'id')
#5 /var/www/html/codecanyon/files/vendor/laravel/framework/src/Illuminate/Database/Eloquent/Builder.php(1251): Illuminate\Database\Query\Builder->insertGetId(Array, 'id')
#6 /var/www/html/codecanyon/files/vendor/laravel/framework/src/Illuminate/Database/Eloquent/Model.php(688): Illuminate\Database\Eloquent\Builder->__call('insertGetId', Array)
#7 /var/www/html/codecanyon/files/vendor/laravel/framework/src/Illuminate/Database/Eloquent/Model.php(688): Illuminate\Database\Eloquent\Builder->insertGetId(Array, 'id')
#8 /var/www/html/codecanyon/files/vendor/laravel/framework/src/Illuminate/Database/Eloquent/Model.php(653): Illuminate\Database\Eloquent\Model->insertAndSetId(Object(Illuminate\Database\Eloquent\Builder), Array)
#9 /var/www/html/codecanyon/files/vendor/laravel/framework/src/Illuminate/Database/Eloquent/Model.php(522): Illuminate\Database\Eloquent\Model->performInsert(Object(Illuminate\Database\Eloquent\Builder))
#10 /var/www/html/codecanyon/files/vendor/laravel/framework/src/Illuminate/Database/Eloquent/Builder.php(734): Illuminate\Database\Eloquent\Model->save()
#11 /var/www/html/codecanyon/files/vendor/laravel/framework/src/Illuminate/Support/helpers.php(964): Illuminate\Database\Eloquent\Builder->Illuminate\Database\Eloquent\{closure}(Object(Cartalyst\Sentinel\Roles\EloquentRole))
#12 /var/www/html/codecanyon/files/vendor/laravel/framework/src/Illuminate/Database/Eloquent/Builder.php(735): tap(Object(Cartalyst\Sentinel\Roles\EloquentRole), Object(Closure))
#13 /var/www/html/codecanyon/files/vendor/laravel/framework/src/Illuminate/Database/Eloquent/Model.php(1374): Illuminate\Database\Eloquent\Builder->create(Array)
#14 /var/www/html/codecanyon/files/vendor/cartalyst/sentinel/src/Roles/EloquentRole.php(155): Illuminate\Database\Eloquent\Model->__call('create', Array)
#15 /var/www/html/codecanyon/files/database/seeds/AccountSeeder.php(12): Cartalyst\Sentinel\Roles\EloquentRole->__call('create', Array)
#16 /var/www/html/codecanyon/files/database/seeds/AccountSeeder.php(12): Cartalyst\Sentinel\Roles\EloquentRole->create(Array)
#17 [internal function]: AccountSeeder->run()
#18 /var/www/html/codecanyon/files/vendor/laravel/framework/src/Illuminate/Container/BoundMethod.php(30): call_user_func_array(Array, Array)
#19 /var/www/html/codecanyon/files/vendor/laravel/framework/src/Illuminate/Container/BoundMethod.php(87): Illuminate\Container\BoundMethod::Illuminate\Container\{closure}()
#20 /var/www/html/codecanyon/files/vendor/laravel/framework/src/Illuminate/Container/BoundMethod.php(31): Illuminate\Container\BoundMethod::callBoundMethod(Object(Illuminate\Foundation\Application), Array, Object(Closure))
#21 /var/www/html/codecanyon/files/vendor/laravel/framework/src/Illuminate/Container/Container.php(539): Illuminate\Container\BoundMethod::call(Object(Illuminate\Foundation\Application), Array, Array, NULL)
#22 /var/www/html/codecanyon/files/vendor/laravel/framework/src/Illuminate/Database/Seeder.php(114): Illuminate\Container\Container->call(Array)
#23 /var/www/html/codecanyon/files/vendor/laravel/framework/src/Illuminate/Database/Seeder.php(37): Illuminate\Database\Seeder->__invoke()
#24 /var/www/html/codecanyon/files/database/seeds/DatabaseSeeder.php(17): Illuminate\Database\Seeder->call('AccountSeeder')
#25 [internal function]: DatabaseSeeder->run()
#26 /var/www/html/codecanyon/files/vendor/laravel/framework/src/Illuminate/Container/BoundMethod.php(30): call_user_func_array(Array, Array)
#27 /var/www/html/codecanyon/files/vendor/laravel/framework/src/Illuminate/Container/BoundMethod.php(87): Illuminate\Container\BoundMethod::Illuminate\Container\{closure}()
#28 /var/www/html/codecanyon/files/vendor/laravel/framework/src/Illuminate/Container/BoundMethod.php(31): Illuminate\Container\BoundMethod::callBoundMethod(Object(Illuminate\Foundation\Application), Array, Object(Closure))
#29 /var/www/html/codecanyon/files/vendor/laravel/framework/src/Illuminate/Container/Container.php(539): Illuminate\Container\BoundMethod::call(Object(Illuminate\Foundation\Application), Array, Array, NULL)
#30 /var/www/html/codecanyon/files/vendor/laravel/framework/src/Illuminate/Database/Seeder.php(114): Illuminate\Container\Container->call(Array)
#31 /var/www/html/codecanyon/files/vendor/laravel/framework/src/Illuminate/Database/Console/Seeds/SeedCommand.php(63): Illuminate\Database\Seeder->__invoke()
#32 /var/www/html/codecanyon/files/vendor/laravel/framework/src/Illuminate/Database/Eloquent/Concerns/GuardsAttributes.php(122): Illuminate\Database\Console\Seeds\SeedCommand->Illuminate\Database\Console\Seeds\{closure}()
#33 /var/www/html/codecanyon/files/vendor/laravel/framework/src/Illuminate/Database/Console/Seeds/SeedCommand.php(64): Illuminate\Database\Eloquent\Model::unguarded(Object(Closure))
#34 [internal function]: Illuminate\Database\Console\Seeds\SeedCommand->fire()
#35 /var/www/html/codecanyon/files/vendor/laravel/framework/src/Illuminate/Container/BoundMethod.php(30): call_user_func_array(Array, Array)
#36 /var/www/html/codecanyon/files/vendor/laravel/framework/src/Illuminate/Container/BoundMethod.php(87): Illuminate\Container\BoundMethod::Illuminate\Container\{closure}()
#37 /var/www/html/codecanyon/files/vendor/laravel/framework/src/Illuminate/Container/BoundMethod.php(31): Illuminate\Container\BoundMethod::callBoundMethod(Object(Illuminate\Foundation\Application), Array, Object(Closure))
#38 /var/www/html/codecanyon/files/vendor/laravel/framework/src/Illuminate/Container/Container.php(539): Illuminate\Container\BoundMethod::call(Object(Illuminate\Foundation\Application), Array, Array, NULL)
#39 /var/www/html/codecanyon/files/vendor/laravel/framework/src/Illuminate/Console/Command.php(182): Illuminate\Container\Container->call(Array)
#40 /var/www/html/codecanyon/files/vendor/symfony/console/Command/Command.php(262): Illuminate\Console\Command->execute(Object(Symfony\Component\Console\Input\ArrayInput), Object(Illuminate\Console\OutputStyle))
#41 /var/www/html/codecanyon/files/vendor/laravel/framework/src/Illuminate/Console/Command.php(168): Symfony\Component\Console\Command\Command->run(Object(Symfony\Component\Console\Input\ArrayInput), Object(Illuminate\Console\OutputStyle))
#42 /var/www/html/codecanyon/files/vendor/symfony/console/Application.php(888): Illuminate\Console\Command->run(Object(Symfony\Component\Console\Input\ArrayInput), Object(Symfony\Component\Console\Output\BufferedOutput))
#43 /var/www/html/codecanyon/files/vendor/symfony/console/Application.php(224): Symfony\Component\Console\Application->doRunCommand(Object(Illuminate\Database\Console\Seeds\SeedCommand), Object(Symfony\Component\Console\Input\ArrayInput), Object(Symfony\Component\Console\Output\BufferedOutput))
#44 /var/www/html/codecanyon/files/vendor/symfony/console/Application.php(125): Symfony\Component\Console\Application->doRun(Object(Symfony\Component\Console\Input\ArrayInput), Object(Symfony\Component\Console\Output\BufferedOutput))
#45 /var/www/html/codecanyon/files/vendor/laravel/framework/src/Illuminate/Console/Application.php(141): Symfony\Component\Console\Application->run(Object(Symfony\Component\Console\Input\ArrayInput), Object(Symfony\Component\Console\Output\BufferedOutput))
#46 /var/www/html/codecanyon/files/vendor/laravel/framework/src/Illuminate/Foundation/Console/Kernel.php(220): Illuminate\Console\Application->call('db:seed', Array, NULL)
#47 /var/www/html/codecanyon/files/vendor/laravel/framework/src/Illuminate/Support/Facades/Facade.php(221): Illuminate\Foundation\Console\Kernel->call('db:seed', Array)
#48 /var/www/html/codecanyon/files/app/Http/Controllers/InstallController.php(104): Illuminate\Support\Facades\Facade::__callStatic('call', Array)
#49 /var/www/html/codecanyon/files/app/Http/Controllers/InstallController.php(104): Illuminate\Support\Facades\Artisan::call('db:seed', Array)
#50 [internal function]: App\Http\Controllers\InstallController->install()
#51 /var/www/html/codecanyon/files/vendor/laravel/framework/src/Illuminate/Routing/Controller.php(55): call_user_func_array(Array, Array)
#52 /var/www/html/codecanyon/files/vendor/laravel/framework/src/Illuminate/Routing/ControllerDispatcher.php(44): Illuminate\Routing\Controller->callAction('install', Array)
#53 /var/www/html/codecanyon/files/vendor/laravel/framework/src/Illuminate/Routing/Route.php(204): Illuminate\Routing\ControllerDispatcher->dispatch(Object(Illuminate\Routing\Route), Object(App\Http\Controllers\InstallController), 'install')
#54 /var/www/html/codecanyon/files/vendor/laravel/framework/src/Illuminate/Routing/Route.php(160): Illuminate\Routing\Route->runController()
#55 /var/www/html/codecanyon/files/vendor/laravel/framework/src/Illuminate/Routing/Router.php(572): Illuminate\Routing\Route->run()
#56 /var/www/html/codecanyon/files/vendor/laravel/framework/src/Illuminate/Routing/Pipeline.php(30): Illuminate\Routing\Router->Illuminate\Routing\{closure}(Object(Illuminate\Http\Request))
#57 /var/www/html/codecanyon/files/vendor/laravel/framework/src/Illuminate/Routing/Middleware/SubstituteBindings.php(41): Illuminate\Routing\Pipeline->Illuminate\Routing\{closure}(Object(Illuminate\Http\Request))
#58 /var/www/html/codecanyon/files/vendor/laravel/framework/src/Illuminate/Pipeline/Pipeline.php(148): Illuminate\Routing\Middleware\SubstituteBindings->handle(Object(Illuminate\Http\Request), Object(Closure))
#59 /var/www/html/codecanyon/files/vendor/laravel/framework/src/Illuminate/Routing/Pipeline.php(53): Illuminate\Pipeline\Pipeline->Illuminate\Pipeline\{closure}(Object(Illuminate\Http\Request))
#60 /var/www/html/codecanyon/files/vendor/laravel/framework/src/Illuminate/Foundation/Http/Middleware/VerifyCsrfToken.php(65): Illuminate\Routing\Pipeline->Illuminate\Routing\{closure}(Object(Illuminate\Http\Request))
#61 /var/www/html/codecanyon/files/vendor/laravel/framework/src/Illuminate/Pipeline/Pipeline.php(148): Illuminate\Foundation\Http\Middleware\VerifyCsrfToken->handle(Object(Illuminate\Http\Request), Object(Closure))
#62 /var/www/html/codecanyon/files/vendor/laravel/framework/src/Illuminate/Routing/Pipeline.php(53): Illuminate\Pipeline\Pipeline->Illuminate\Pipeline\{closure}(Object(Illuminate\Http\Request))
#63 /var/www/html/codecanyon/files/vendor/laravel/framework/src/Illuminate/View/Middleware/ShareErrorsFromSession.php(49): Illuminate\Routing\Pipeline->Illuminate\Routing\{closure}(Object(Illuminate\Http\Request))
#64 /var/www/html/codecanyon/files/vendor/laravel/framework/src/Illuminate/Pipeline/Pipeline.php(148): Illuminate\View\Middleware\ShareErrorsFromSession->handle(Object(Illuminate\Http\Request), Object(Closure))
#65 /var/www/html/codecanyon/files/vendor/laravel/framework/src/Illuminate/Routing/Pipeline.php(53): Illuminate\Pipeline\Pipeline->Illuminate\Pipeline\{closure}(Object(Illuminate\Http\Request))
#66 /var/www/html/codecanyon/files/vendor/laravel/framework/src/Illuminate/Session/Middleware/StartSession.php(64): Illuminate\Routing\Pipeline->Illuminate\Routing\{closure}(Object(Illuminate\Http\Request))
#67 /var/www/html/codecanyon/files/vendor/laravel/framework/src/Illuminate/Pipeline/Pipeline.php(148): Illuminate\Session\Middleware\StartSession->handle(Object(Illuminate\Http\Request), Object(Closure))
#68 /var/www/html/codecanyon/files/vendor/laravel/framework/src/Illuminate/Routing/Pipeline.php(53): Illuminate\Pipeline\Pipeline->Illuminate\Pipeline\{closure}(Object(Illuminate\Http\Request))
#69 /var/www/html/codecanyon/files/vendor/laravel/framework/src/Illuminate/Cookie/Middleware/AddQueuedCookiesToResponse.php(37): Illuminate\Routing\Pipeline->Illuminate\Routing\{closure}(Object(Illuminate\Http\Request))
#70 /var/www/html/codecanyon/files/vendor/laravel/framework/src/Illuminate/Pipeline/Pipeline.php(148): Illuminate\Cookie\Middleware\AddQueuedCookiesToResponse->handle(Object(Illuminate\Http\Request), Object(Closure))
#71 /var/www/html/codecanyon/files/vendor/laravel/framework/src/Illuminate/Routing/Pipeline.php(53): Illuminate\Pipeline\Pipeline->Illuminate\Pipeline\{closure}(Object(Illuminate\Http\Request))
#72 /var/www/html/codecanyon/files/vendor/laravel/framework/src/Illuminate/Cookie/Middleware/EncryptCookies.php(59): Illuminate\Routing\Pipeline->Illuminate\Routing\{closure}(Object(Illuminate\Http\Request))
#73 /var/www/html/codecanyon/files/vendor/laravel/framework/src/Illuminate/Pipeline/Pipeline.php(148): Illuminate\Cookie\Middleware\EncryptCookies->handle(Object(Illuminate\Http\Request), Object(Closure))
#74 /var/www/html/codecanyon/files/vendor/laravel/framework/src/Illuminate/Routing/Pipeline.php(53): Illuminate\Pipeline\Pipeline->Illuminate\Pipeline\{closure}(Object(Illuminate\Http\Request))
#75 /var/www/html/codecanyon/files/app/Http/Middleware/VerifyInstallation.php(35): Illuminate\Routing\Pipeline->Illuminate\Routing\{closure}(Object(Illuminate\Http\Request))
#76 /var/www/html/codecanyon/files/vendor/laravel/framework/src/Illuminate/Pipeline/Pipeline.php(148): App\Http\Middleware\VerifyInstallation->handle(Object(Illuminate\Http\Request), Object(Closure))
#77 /var/www/html/codecanyon/files/vendor/laravel/framework/src/Illuminate/Routing/Pipeline.php(53): Illuminate\Pipeline\Pipeline->Illuminate\Pipeline\{closure}(Object(Illuminate\Http\Request))
#78 /var/www/html/codecanyon/files/vendor/laravel/framework/src/Illuminate/Pipeline/Pipeline.php(102): Illuminate\Routing\Pipeline->Illuminate\Routing\{closure}(Object(Illuminate\Http\Request))
#79 /var/www/html/codecanyon/files/vendor/laravel/framework/src/Illuminate/Routing/Router.php(574): Illuminate\Pipeline\Pipeline->then(Object(Closure))
#80 /var/www/html/codecanyon/files/vendor/laravel/framework/src/Illuminate/Routing/Router.php(533): Illuminate\Routing\Router->runRouteWithinStack(Object(Illuminate\Routing\Route), Object(Illuminate\Http\Request))
#81 /var/www/html/codecanyon/files/vendor/laravel/framework/src/Illuminate/Routing/Router.php(511): Illuminate\Routing\Router->dispatchToRoute(Object(Illuminate\Http\Request))
#82 /var/www/html/codecanyon/files/vendor/laravel/framework/src/Illuminate/Foundation/Http/Kernel.php(176): Illuminate\Routing\Router->dispatch(Object(Illuminate\Http\Request))
#83 /var/www/html/codecanyon/files/vendor/laravel/framework/src/Illuminate/Routing/Pipeline.php(30): Illuminate\Foundation\Http\Kernel->Illuminate\Foundation\Http\{closure}(Object(Illuminate\Http\Request))
#84 /var/www/html/codecanyon/files/vendor/barryvdh/laravel-debugbar/src/Middleware/Debugbar.php(51): Illuminate\Routing\Pipeline->Illuminate\Routing\{closure}(Object(Illuminate\Http\Request))
#85 /var/www/html/codecanyon/files/vendor/laravel/framework/src/Illuminate/Pipeline/Pipeline.php(148): Barryvdh\Debugbar\Middleware\Debugbar->handle(Object(Illuminate\Http\Request), Object(Closure))
#86 /var/www/html/codecanyon/files/vendor/laravel/framework/src/Illuminate/Routing/Pipeline.php(53): Illuminate\Pipeline\Pipeline->Illuminate\Pipeline\{closure}(Object(Illuminate\Http\Request))
#87 /var/www/html/codecanyon/files/vendor/laravel/framework/src/Illuminate/Foundation/Http/Middleware/TransformsRequest.php(30): Illuminate\Routing\Pipeline->Illuminate\Routing\{closure}(Object(Illuminate\Http\Request))
#88 /var/www/html/codecanyon/files/vendor/laravel/framework/src/Illuminate/Pipeline/Pipeline.php(148): Illuminate\Foundation\Http\Middleware\TransformsRequest->handle(Object(Illuminate\Http\Request), Object(Closure))
#89 /var/www/html/codecanyon/files/vendor/laravel/framework/src/Illuminate/Routing/Pipeline.php(53): Illuminate\Pipeline\Pipeline->Illuminate\Pipeline\{closure}(Object(Illuminate\Http\Request))
#90 /var/www/html/codecanyon/files/vendor/laravel/framework/src/Illuminate/Foundation/Http/Middleware/TransformsRequest.php(30): Illuminate\Routing\Pipeline->Illuminate\Routing\{closure}(Object(Illuminate\Http\Request))
#91 /var/www/html/codecanyon/files/vendor/laravel/framework/src/Illuminate/Pipeline/Pipeline.php(148): Illuminate\Foundation\Http\Middleware\TransformsRequest->handle(Object(Illuminate\Http\Request), Object(Closure))
#92 /var/www/html/codecanyon/files/vendor/laravel/framework/src/Illuminate/Routing/Pipeline.php(53): Illuminate\Pipeline\Pipeline->Illuminate\Pipeline\{closure}(Object(Illuminate\Http\Request))
#93 /var/www/html/codecanyon/files/vendor/laravel/framework/src/Illuminate/Foundation/Http/Middleware/ValidatePostSize.php(27): Illuminate\Routing\Pipeline->Illuminate\Routing\{closure}(Object(Illuminate\Http\Request))
#94 /var/www/html/codecanyon/files/vendor/laravel/framework/src/Illuminate/Pipeline/Pipeline.php(148): Illuminate\Foundation\Http\Middleware\ValidatePostSize->handle(Object(Illuminate\Http\Request), Object(Closure))
#95 /var/www/html/codecanyon/files/vendor/laravel/framework/src/Illuminate/Routing/Pipeline.php(53): Illuminate\Pipeline\Pipeline->Illuminate\Pipeline\{closure}(Object(Illuminate\Http\Request))
#96 /var/www/html/codecanyon/files/vendor/laravel/framework/src/Illuminate/Foundation/Http/Middleware/CheckForMaintenanceMode.php(46): Illuminate\Routing\Pipeline->Illuminate\Routing\{closure}(Object(Illuminate\Http\Request))
#97 /var/www/html/codecanyon/files/vendor/laravel/framework/src/Illuminate/Pipeline/Pipeline.php(148): Illuminate\Foundation\Http\Middleware\CheckForMaintenanceMode->handle(Object(Illuminate\Http\Request), Object(Closure))
#98 /var/www/html/codecanyon/files/vendor/laravel/framework/src/Illuminate/Routing/Pipeline.php(53): Illuminate\Pipeline\Pipeline->Illuminate\Pipeline\{closure}(Object(Illuminate\Http\Request))
#99 /var/www/html/codecanyon/files/vendor/dingo/api/src/Http/Middleware/Request.php(111): Illuminate\Routing\Pipeline->Illuminate\Routing\{closure}(Object(Illuminate\Http\Request))
#100 /var/www/html/codecanyon/files/vendor/laravel/framework/src/Illuminate/Pipeline/Pipeline.php(148): Dingo\Api\Http\Middleware\Request->handle(Object(Illuminate\Http\Request), Object(Closure))
#101 /var/www/html/codecanyon/files/vendor/laravel/framework/src/Illuminate/Routing/Pipeline.php(53): Illuminate\Pipeline\Pipeline->Illuminate\Pipeline\{closure}(Object(Illuminate\Http\Request))
#102 /var/www/html/codecanyon/files/vendor/laravel/framework/src/Illuminate/Pipeline/Pipeline.php(102): Illuminate\Routing\Pipeline->Illuminate\Routing\{closure}(Object(Illuminate\Http\Request))
#103 /var/www/html/codecanyon/files/vendor/laravel/framework/src/Illuminate/Foundation/Http/Kernel.php(151): Illuminate\Pipeline\Pipeline->then(Object(Closure))
#104 /var/www/html/codecanyon/files/vendor/laravel/framework/src/Illuminate/Foundation/Http/Kernel.php(116): Illuminate\Foundation\Http\Kernel->sendRequestThroughRouter(Object(Illuminate\Http\Request))
#105 /var/www/html/codecanyon/files/public/index.php(54): Illuminate\Foundation\Http\Kernel->handle(Object(Illuminate\Http\Request))
#106 {main}  
[2022-01-17 23:39:39] production.ERROR: Symfony\Component\Debug\Exception\FatalThrowableError: Call to undefined method Closure::__set_state() in E:\wamp\www\Banquet-CRM\files\bootstrap\cache\config.php:177
Stack trace:
#0 E:\wamp\www\Banquet-CRM\files\vendor\laravel\framework\src\Illuminate\Foundation\Bootstrap\LoadConfiguration.php(28): require()
#1 E:\wamp\www\Banquet-CRM\files\vendor\laravel\framework\src\Illuminate\Foundation\Application.php(208): Illuminate\Foundation\Bootstrap\LoadConfiguration->bootstrap(Object(Illuminate\Foundation\Application))
#2 E:\wamp\www\Banquet-CRM\files\vendor\laravel\framework\src\Illuminate\Foundation\Http\Kernel.php(162): Illuminate\Foundation\Application->bootstrapWith(Array)
#3 E:\wamp\www\Banquet-CRM\files\vendor\laravel\framework\src\Illuminate\Foundation\Http\Kernel.php(146): Illuminate\Foundation\Http\Kernel->bootstrap()
#4 E:\wamp\www\Banquet-CRM\files\vendor\laravel\framework\src\Illuminate\Foundation\Http\Kernel.php(116): Illuminate\Foundation\Http\Kernel->sendRequestThroughRouter(Object(Illuminate\Http\Request))
#5 E:\wamp\www\Banquet-CRM\files\public\index.php(53): Illuminate\Foundation\Http\Kernel->handle(Object(Illuminate\Http\Request))
#6 {main}  
[2022-01-17 23:39:44] production.ERROR: Symfony\Component\Debug\Exception\FatalThrowableError: Call to undefined method Closure::__set_state() in E:\wamp\www\Banquet-CRM\files\bootstrap\cache\config.php:177
Stack trace:
#0 E:\wamp\www\Banquet-CRM\files\vendor\laravel\framework\src\Illuminate\Foundation\Bootstrap\LoadConfiguration.php(28): require()
#1 E:\wamp\www\Banquet-CRM\files\vendor\laravel\framework\src\Illuminate\Foundation\Application.php(208): Illuminate\Foundation\Bootstrap\LoadConfiguration->bootstrap(Object(Illuminate\Foundation\Application))
#2 E:\wamp\www\Banquet-CRM\files\vendor\laravel\framework\src\Illuminate\Foundation\Http\Kernel.php(162): Illuminate\Foundation\Application->bootstrapWith(Array)
#3 E:\wamp\www\Banquet-CRM\files\vendor\laravel\framework\src\Illuminate\Foundation\Http\Kernel.php(146): Illuminate\Foundation\Http\Kernel->bootstrap()
#4 E:\wamp\www\Banquet-CRM\files\vendor\laravel\framework\src\Illuminate\Foundation\Http\Kernel.php(116): Illuminate\Foundation\Http\Kernel->sendRequestThroughRouter(Object(Illuminate\Http\Request))
#5 E:\wamp\www\Banquet-CRM\files\public\index.php(53): Illuminate\Foundation\Http\Kernel->handle(Object(Illuminate\Http\Request))
#6 {main}  
[2022-01-17 23:40:27] production.ERROR: Symfony\Component\Debug\Exception\FatalThrowableError: Call to undefined method Closure::__set_state() in E:\wamp\www\Banquet-CRM\files\bootstrap\cache\config.php:177
Stack trace:
#0 E:\wamp\www\Banquet-CRM\files\vendor\laravel\framework\src\Illuminate\Foundation\Bootstrap\LoadConfiguration.php(28): require()
#1 E:\wamp\www\Banquet-CRM\files\vendor\laravel\framework\src\Illuminate\Foundation\Application.php(208): Illuminate\Foundation\Bootstrap\LoadConfiguration->bootstrap(Object(Illuminate\Foundation\Application))
#2 E:\wamp\www\Banquet-CRM\files\vendor\laravel\framework\src\Illuminate\Foundation\Http\Kernel.php(162): Illuminate\Foundation\Application->bootstrapWith(Array)
#3 E:\wamp\www\Banquet-CRM\files\vendor\laravel\framework\src\Illuminate\Foundation\Http\Kernel.php(146): Illuminate\Foundation\Http\Kernel->bootstrap()
#4 E:\wamp\www\Banquet-CRM\files\vendor\laravel\framework\src\Illuminate\Foundation\Http\Kernel.php(116): Illuminate\Foundation\Http\Kernel->sendRequestThroughRouter(Object(Illuminate\Http\Request))
#5 E:\wamp\www\Banquet-CRM\files\public\index.php(53): Illuminate\Foundation\Http\Kernel->handle(Object(Illuminate\Http\Request))
#6 {main}  
