[2017-12-15 13:04:28] production.ERROR: PDOException: SQLSTATE[HY000] [1045] Access denied for user 'forge'@'localhost' (using password: NO) in /var/www/html/lcrm_2.1.4/vendor/doctrine/dbal/lib/Doctrine/DBAL/Driver/PDOConnection.php:43
Stack trace:
#0 /var/www/html/lcrm_2.1.4/vendor/doctrine/dbal/lib/Doctrine/DBAL/Driver/PDOConnection.php(43): PDO->__construct('mysql:host=127....', 'forge', '', Array)
#1 /var/www/html/lcrm_2.1.4/vendor/laravel/framework/src/Illuminate/Database/Connectors/Connector.php(65): Doctrine\DBAL\Driver\PDOConnection->__construct('mysql:host=127....', 'forge', '', Array)
#2 /var/www/html/lcrm_2.1.4/vendor/laravel/framework/src/Illuminate/Database/Connectors/Connector.php(44): Illuminate\Database\Connectors\Connector->createPdoConnection('mysql:host=127....', 'forge', '', Array)
#3 /var/www/html/lcrm_2.1.4/vendor/laravel/framework/src/Illuminate/Database/Connectors/MySqlConnector.php(24): Illuminate\Database\Connectors\Connector->createConnection('mysql:host=127....', Array, Array)
#4 /var/www/html/lcrm_2.1.4/vendor/laravel/framework/src/Illuminate/Database/Connectors/ConnectionFactory.php(183): Illuminate\Database\Connectors\MySqlConnector->connect(Array)
#5 [internal function]: Illuminate\Database\Connectors\ConnectionFactory->Illuminate\Database\Connectors\{closure}()
#6 /var/www/html/lcrm_2.1.4/vendor/laravel/framework/src/Illuminate/Database/Connection.php(883): call_user_func(Object(Closure))
#7 /var/www/html/lcrm_2.1.4/vendor/laravel/framework/src/Illuminate/Database/Connection.php(904): Illuminate\Database\Connection->getPdo()
#8 /var/www/html/lcrm_2.1.4/vendor/laravel/framework/src/Illuminate/Database/Connection.php(392): Illuminate\Database\Connection->getReadPdo()
#9 /var/www/html/lcrm_2.1.4/vendor/laravel/framework/src/Illuminate/Database/Connection.php(318): Illuminate\Database\Connection->getPdoForSelect(true)
#10 /var/www/html/lcrm_2.1.4/vendor/laravel/framework/src/Illuminate/Database/Connection.php(640): Illuminate\Database\Connection->Illuminate\Database\{closure}('select `setting...', Array)
#11 /var/www/html/lcrm_2.1.4/vendor/laravel/framework/src/Illuminate/Database/Connection.php(607): Illuminate\Database\Connection->runQueryCallback('select `setting...', Array, Object(Closure))
#12 /var/www/html/lcrm_2.1.4/vendor/laravel/framework/src/Illuminate/Database/Connection.php(326): Illuminate\Database\Connection->run('select `setting...', Array, Object(Closure))
#13 /var/www/html/lcrm_2.1.4/vendor/laravel/framework/src/Illuminate/Database/Query/Builder.php(1705): Illuminate\Database\Connection->select('select `setting...', Array, true)
#14 /var/www/html/lcrm_2.1.4/vendor/laravel/framework/src/Illuminate/Database/Query/Builder.php(1690): Illuminate\Database\Query\Builder->runSelect()
#15 /var/www/html/lcrm_2.1.4/vendor/laravel/framework/src/Illuminate/Database/Concerns/BuildsQueries.php(75): Illuminate\Database\Query\Builder->get(Array)
#16 /var/www/html/lcrm_2.1.4/vendor/efriandika/laravel-settings/src/Settings.php(81): Illuminate\Database\Query\Builder->first(Array)
#17 /var/www/html/lcrm_2.1.4/vendor/efriandika/laravel-settings/src/Settings.php(57): Efriandika\LaravelSettings\Settings->fetch('pusher_key')
#18 /var/www/html/lcrm_2.1.4/vendor/laravel/framework/src/Illuminate/Support/Facades/Facade.php(221): Efriandika\LaravelSettings\Settings->get('pusher_key')
#19 /var/www/html/lcrm_2.1.4/app/Providers/AppServiceProvider.php(193): Illuminate\Support\Facades\Facade::__callStatic('get', Array)
#20 /var/www/html/lcrm_2.1.4/app/Providers/AppServiceProvider.php(80): App\Providers\AppServiceProvider->setDbConfigurations()
#21 [internal function]: App\Providers\AppServiceProvider->boot()
#22 /var/www/html/lcrm_2.1.4/vendor/laravel/framework/src/Illuminate/Container/BoundMethod.php(29): call_user_func_array(Array, Array)
#23 /var/www/html/lcrm_2.1.4/vendor/laravel/framework/src/Illuminate/Container/BoundMethod.php(87): Illuminate\Container\BoundMethod::Illuminate\Container\{closure}()
#24 /var/www/html/lcrm_2.1.4/vendor/laravel/framework/src/Illuminate/Container/BoundMethod.php(31): Illuminate\Container\BoundMethod::callBoundMethod(Object(Illuminate\Foundation\Application), Array, Object(Closure))
#25 /var/www/html/lcrm_2.1.4/vendor/laravel/framework/src/Illuminate/Container/Container.php(539): Illuminate\Container\BoundMethod::call(Object(Illuminate\Foundation\Application), Array, Array, NULL)
#26 /var/www/html/lcrm_2.1.4/vendor/laravel/framework/src/Illuminate/Foundation/Application.php(788): Illuminate\Container\Container->call(Array)
#27 /var/www/html/lcrm_2.1.4/vendor/laravel/framework/src/Illuminate/Foundation/Application.php(771): Illuminate\Foundation\Application->bootProvider(Object(App\Providers\AppServiceProvider))
#28 [internal function]: Illuminate\Foundation\Application->Illuminate\Foundation\{closure}(Object(App\Providers\AppServiceProvider), 30)
#29 /var/www/html/lcrm_2.1.4/vendor/laravel/framework/src/Illuminate/Foundation/Application.php(772): array_walk(Array, Object(Closure))
#30 /var/www/html/lcrm_2.1.4/vendor/laravel/framework/src/Illuminate/Foundation/Bootstrap/BootProviders.php(17): Illuminate\Foundation\Application->boot()
#31 /var/www/html/lcrm_2.1.4/vendor/laravel/framework/src/Illuminate/Foundation/Application.php(208): Illuminate\Foundation\Bootstrap\BootProviders->bootstrap(Object(Illuminate\Foundation\Application))
#32 /var/www/html/lcrm_2.1.4/vendor/laravel/framework/src/Illuminate/Foundation/Console/Kernel.php(267): Illuminate\Foundation\Application->bootstrapWith(Array)
#33 /var/www/html/lcrm_2.1.4/vendor/laravel/framework/src/Illuminate/Foundation/Console/Kernel.php(114): Illuminate\Foundation\Console\Kernel->bootstrap()
#34 /var/www/html/lcrm_2.1.4/artisan(35): Illuminate\Foundation\Console\Kernel->handle(Object(Symfony\Component\Console\Input\ArgvInput), Object(Symfony\Component\Console\Output\ConsoleOutput))
#35 {main}

Next Doctrine\DBAL\Driver\PDOException: SQLSTATE[HY000] [1045] Access denied for user 'forge'@'localhost' (using password: NO) in /var/www/html/lcrm_2.1.4/vendor/doctrine/dbal/lib/Doctrine/DBAL/Driver/PDOConnection.php:47
Stack trace:
#0 /var/www/html/lcrm_2.1.4/vendor/laravel/framework/src/Illuminate/Database/Connectors/Connector.php(65): Doctrine\DBAL\Driver\PDOConnection->__construct('mysql:host=127....', 'forge', '', Array)
#1 /var/www/html/lcrm_2.1.4/vendor/laravel/framework/src/Illuminate/Database/Connectors/Connector.php(44): Illuminate\Database\Connectors\Connector->createPdoConnection('mysql:host=127....', 'forge', '', Array)
#2 /var/www/html/lcrm_2.1.4/vendor/laravel/framework/src/Illuminate/Database/Connectors/MySqlConnector.php(24): Illuminate\Database\Connectors\Connector->createConnection('mysql:host=127....', Array, Array)
#3 /var/www/html/lcrm_2.1.4/vendor/laravel/framework/src/Illuminate/Database/Connectors/ConnectionFactory.php(183): Illuminate\Database\Connectors\MySqlConnector->connect(Array)
#4 [internal function]: Illuminate\Database\Connectors\ConnectionFactory->Illuminate\Database\Connectors\{closure}()
#5 /var/www/html/lcrm_2.1.4/vendor/laravel/framework/src/Illuminate/Database/Connection.php(883): call_user_func(Object(Closure))
#6 /var/www/html/lcrm_2.1.4/vendor/laravel/framework/src/Illuminate/Database/Connection.php(904): Illuminate\Database\Connection->getPdo()
#7 /var/www/html/lcrm_2.1.4/vendor/laravel/framework/src/Illuminate/Database/Connection.php(392): Illuminate\Database\Connection->getReadPdo()
#8 /var/www/html/lcrm_2.1.4/vendor/laravel/framework/src/Illuminate/Database/Connection.php(318): Illuminate\Database\Connection->getPdoForSelect(true)
#9 /var/www/html/lcrm_2.1.4/vendor/laravel/framework/src/Illuminate/Database/Connection.php(640): Illuminate\Database\Connection->Illuminate\Database\{closure}('select `setting...', Array)
#10 /var/www/html/lcrm_2.1.4/vendor/laravel/framework/src/Illuminate/Database/Connection.php(607): Illuminate\Database\Connection->runQueryCallback('select `setting...', Array, Object(Closure))
#11 /var/www/html/lcrm_2.1.4/vendor/laravel/framework/src/Illuminate/Database/Connection.php(326): Illuminate\Database\Connection->run('select `setting...', Array, Object(Closure))
#12 /var/www/html/lcrm_2.1.4/vendor/laravel/framework/src/Illuminate/Database/Query/Builder.php(1705): Illuminate\Database\Connection->select('select `setting...', Array, true)
#13 /var/www/html/lcrm_2.1.4/vendor/laravel/framework/src/Illuminate/Database/Query/Builder.php(1690): Illuminate\Database\Query\Builder->runSelect()
#14 /var/www/html/lcrm_2.1.4/vendor/laravel/framework/src/Illuminate/Database/Concerns/BuildsQueries.php(75): Illuminate\Database\Query\Builder->get(Array)
#15 /var/www/html/lcrm_2.1.4/vendor/efriandika/laravel-settings/src/Settings.php(81): Illuminate\Database\Query\Builder->first(Array)
#16 /var/www/html/lcrm_2.1.4/vendor/efriandika/laravel-settings/src/Settings.php(57): Efriandika\LaravelSettings\Settings->fetch('pusher_key')
#17 /var/www/html/lcrm_2.1.4/vendor/laravel/framework/src/Illuminate/Support/Facades/Facade.php(221): Efriandika\LaravelSettings\Settings->get('pusher_key')
#18 /var/www/html/lcrm_2.1.4/app/Providers/AppServiceProvider.php(193): Illuminate\Support\Facades\Facade::__callStatic('get', Array)
#19 /var/www/html/lcrm_2.1.4/app/Providers/AppServiceProvider.php(80): App\Providers\AppServiceProvider->setDbConfigurations()
#20 [internal function]: App\Providers\AppServiceProvider->boot()
#21 /var/www/html/lcrm_2.1.4/vendor/laravel/framework/src/Illuminate/Container/BoundMethod.php(29): call_user_func_array(Array, Array)
#22 /var/www/html/lcrm_2.1.4/vendor/laravel/framework/src/Illuminate/Container/BoundMethod.php(87): Illuminate\Container\BoundMethod::Illuminate\Container\{closure}()
#23 /var/www/html/lcrm_2.1.4/vendor/laravel/framework/src/Illuminate/Container/BoundMethod.php(31): Illuminate\Container\BoundMethod::callBoundMethod(Object(Illuminate\Foundation\Application), Array, Object(Closure))
#24 /var/www/html/lcrm_2.1.4/vendor/laravel/framework/src/Illuminate/Container/Container.php(539): Illuminate\Container\BoundMethod::call(Object(Illuminate\Foundation\Application), Array, Array, NULL)
#25 /var/www/html/lcrm_2.1.4/vendor/laravel/framework/src/Illuminate/Foundation/Application.php(788): Illuminate\Container\Container->call(Array)
#26 /var/www/html/lcrm_2.1.4/vendor/laravel/framework/src/Illuminate/Foundation/Application.php(771): Illuminate\Foundation\Application->bootProvider(Object(App\Providers\AppServiceProvider))
#27 [internal function]: Illuminate\Foundation\Application->Illuminate\Foundation\{closure}(Object(App\Providers\AppServiceProvider), 30)
#28 /var/www/html/lcrm_2.1.4/vendor/laravel/framework/src/Illuminate/Foundation/Application.php(772): array_walk(Array, Object(Closure))
#29 /var/www/html/lcrm_2.1.4/vendor/laravel/framework/src/Illuminate/Foundation/Bootstrap/BootProviders.php(17): Illuminate\Foundation\Application->boot()
#30 /var/www/html/lcrm_2.1.4/vendor/laravel/framework/src/Illuminate/Foundation/Application.php(208): Illuminate\Foundation\Bootstrap\BootProviders->bootstrap(Object(Illuminate\Foundation\Application))
#31 /var/www/html/lcrm_2.1.4/vendor/laravel/framework/src/Illuminate/Foundation/Console/Kernel.php(267): Illuminate\Foundation\Application->bootstrapWith(Array)
#32 /var/www/html/lcrm_2.1.4/vendor/laravel/framework/src/Illuminate/Foundation/Console/Kernel.php(114): Illuminate\Foundation\Console\Kernel->bootstrap()
#33 /var/www/html/lcrm_2.1.4/artisan(35): Illuminate\Foundation\Console\Kernel->handle(Object(Symfony\Component\Console\Input\ArgvInput), Object(Symfony\Component\Console\Output\ConsoleOutput))
#34 {main}  
